flutter/build/app/intermediates/manifest_merge_blame_file/release/manifest-merger-blame-release-report.txt
1<?xml version="1.0" encoding="utf-8"?>
2<manifest xmlns:android="http://schemas.android.com/apk/res/android"
3    package="com.baitaplon"
4    android:versionCode="1"
5    android:versionName="1.0.0" >
6
7    <uses-sdk
8        android:minSdkVersion="16"
8-->src\main\AndroidManifest.xml
9        android:targetSdkVersion="30" />
9-->src\main\AndroidManifest.xml
10
11    <uses-permission android:name="android.permission.INTERNET" />
11-->src\main\AndroidManifest.xml:3:5-66
11-->src\main\AndroidManifest.xml:3:22-64
12    <uses-permission android:name="android.permission.ACCESS_NETWORK_STATE" />
12-->[com.google.android.gms:play-services-measurement-api:18.0.2] AndroidManifest.xml:23:5-79
12-->[com.google.android.gms:play-services-measurement-api:18.0.2] AndroidManifest.xml:23:22-76
13    <uses-permission android:name="android.permission.WAKE_LOCK" />
13-->[com.google.android.gms:play-services-measurement-api:18.0.2] AndroidManifest.xml:24:5-68
13-->[com.google.android.gms:play-services-measurement-api:18.0.2] AndroidManifest.xml:24:22-65
14    <uses-permission android:name="com.google.android.finsky.permission.BIND_GET_INSTALL_REFERRER_SERVICE" />
14-->[com.google.android.gms:play-services-measurement:18.0.2] AndroidManifest.xml:26:5-110
14-->[com.google.android.gms:play-services-measurement:18.0.2] AndroidManifest.xml:26:22-107
15    <!--
16 io.flutter.app.FlutterApplication is an android.app.Application that
17         calls FlutterMain.startInitialization(this); in its onCreate method.
18         In most cases you can leave this as-is, but you if you want to provide
19         additional functionality it is fine to subclass or reimplement
20         FlutterApplication and put your custom class here.
21    -->
22    <application
22-->src\main\AndroidManifest.xml:9:5-49:19
23        android:name="io.flutter.app.FlutterApplication"
23-->src\main\AndroidManifest.xml:11:9-57
24        android:appComponentFactory="androidx.core.app.CoreComponentFactory"
24-->[androidx.core:core:1.1.0] AndroidManifest.xml:24:18-86
25        android:icon="@mipmap/ic_launcher"
25-->src\main\AndroidManifest.xml:13:9-43
26        android:label="baitaplon"
26-->src\main\AndroidManifest.xml:12:9-34
27        android:usesCleartextTraffic="true" >
27-->src\main\AndroidManifest.xml:10:9-44
28        <activity
28-->src\main\AndroidManifest.xml:14:9-42:20
29            android:name="com.baitaplon.MainActivity"
29-->src\main\AndroidManifest.xml:15:13-41
30            android:configChanges="orientation|keyboardHidden|keyboard|screenSize|smallestScreenSize|locale|layoutDirection|fontScale|screenLayout|density|uiMode"
30-->src\main\AndroidManifest.xml:18:13-163
31            android:hardwareAccelerated="true"
31-->src\main\AndroidManifest.xml:19:13-47
32            android:launchMode="singleTop"
32-->src\main\AndroidManifest.xml:16:13-43
33            android:theme="@style/LaunchTheme"
33-->src\main\AndroidManifest.xml:17:13-47
34            android:windowSoftInputMode="adjustResize" >
34-->src\main\AndroidManifest.xml:20:13-55
35
36            <!--
37                 Specifies an Android theme to apply to this Activity as soon as
38                 the Android process has started. This theme is visible to the user
39                 while the Flutter UI initializes. After that, this theme continues
40                 to determine the Window background behind the Flutter UI.
41            -->
42            <meta-data
42-->src\main\AndroidManifest.xml:25:13-28:17
43                android:name="io.flutter.embedding.android.NormalTheme"
43-->src\main\AndroidManifest.xml:26:15-70
44                android:resource="@style/NormalTheme" />
44-->src\main\AndroidManifest.xml:27:15-52
45            <!--
46                 Displays an Android View that continues showing the launch screen
47                 Drawable until Flutter paints its first frame, then this splash
48                 screen fades out. A splash screen is useful to avoid any visual
49                 gap between the end of Android's launch screen and the painting of
50                 Flutter's first frame.
51            -->
52            <meta-data
52-->src\main\AndroidManifest.xml:34:13-37:17
53                android:name="io.flutter.embedding.android.SplashScreenDrawable"
53-->src\main\AndroidManifest.xml:35:15-79
54                android:resource="@drawable/launch_background" />
54-->src\main\AndroidManifest.xml:36:15-61
55
56            <intent-filter>
56-->src\main\AndroidManifest.xml:38:13-41:29
57                <action android:name="android.intent.action.MAIN" />
57-->src\main\AndroidManifest.xml:39:17-68
57-->src\main\AndroidManifest.xml:39:25-66
58
59                <category android:name="android.intent.category.LAUNCHER" />
59-->src\main\AndroidManifest.xml:40:17-76
59-->src\main\AndroidManifest.xml:40:27-74
60            </intent-filter>
61        </activity>
62        <!--
63             Don't delete the meta-data below.
64             This is used by the Flutter tool to generate GeneratedPluginRegistrant.java
65        -->
66        <meta-data
66-->src\main\AndroidManifest.xml:45:9-48:14
67            android:name="flutterEmbedding"
67-->src\main\AndroidManifest.xml:46:13-44
68            android:value="2" />
68-->src\main\AndroidManifest.xml:47:13-30
69
70        <service
70-->[com.google.android.gms:play-services-measurement-api:18.0.2] AndroidManifest.xml:27:9-33:19
71            android:name="com.google.firebase.components.ComponentDiscoveryService"
71-->[com.google.android.gms:play-services-measurement-api:18.0.2] AndroidManifest.xml:28:13-84
72            android:directBootAware="true"
72-->[com.google.firebase:firebase-common:19.5.0] AndroidManifest.xml:35:13-43
73            android:exported="false" >
73-->[com.google.android.gms:play-services-measurement-api:18.0.2] AndroidManifest.xml:29:13-37
74            <meta-data
74-->[com.google.android.gms:play-services-measurement-api:18.0.2] AndroidManifest.xml:30:13-32:85
75                android:name="com.google.firebase.components:com.google.firebase.analytics.connector.internal.AnalyticsConnectorRegistrar"
75-->[com.google.android.gms:play-services-measurement-api:18.0.2] AndroidManifest.xml:31:17-139
76                android:value="com.google.firebase.components.ComponentRegistrar" />
76-->[com.google.android.gms:play-services-measurement-api:18.0.2] AndroidManifest.xml:32:17-82
77            <meta-data
77-->[com.google.firebase:firebase-installations:16.3.5] AndroidManifest.xml:18:13-20:85
78                android:name="com.google.firebase.components:com.google.firebase.installations.FirebaseInstallationsRegistrar"
78-->[com.google.firebase:firebase-installations:16.3.5] AndroidManifest.xml:19:17-127
79                android:value="com.google.firebase.components.ComponentRegistrar" />
79-->[com.google.firebase:firebase-installations:16.3.5] AndroidManifest.xml:20:17-82
80            <!--
81                This registrar is not defined in the dynamic-module-support sdk itself to allow non-firebase
82                clients to use it as well, by defining this registrar in their own core/common library.
83            -->
84            <meta-data
84-->[com.google.firebase:firebase-common:19.5.0] AndroidManifest.xml:43:13-45:85
85                android:name="com.google.firebase.components:com.google.firebase.dynamicloading.DynamicLoadingRegistrar"
85-->[com.google.firebase:firebase-common:19.5.0] AndroidManifest.xml:44:17-121
86                android:value="com.google.firebase.components.ComponentRegistrar" />
86-->[com.google.firebase:firebase-common:19.5.0] AndroidManifest.xml:45:17-82
87        </service>
88
89        <provider
89-->[com.google.firebase:firebase-common:19.5.0] AndroidManifest.xml:26:9-31:39
90            android:name="com.google.firebase.provider.FirebaseInitProvider"
90-->[com.google.firebase:firebase-common:19.5.0] AndroidManifest.xml:27:13-77
91            android:authorities="com.baitaplon.firebaseinitprovider"
91-->[com.google.firebase:firebase-common:19.5.0] AndroidManifest.xml:28:13-72
92            android:directBootAware="true"
92-->[com.google.firebase:firebase-common:19.5.0] AndroidManifest.xml:29:13-43
93            android:exported="false"
93-->[com.google.firebase:firebase-common:19.5.0] AndroidManifest.xml:30:13-37
94            android:initOrder="100" />
94-->[com.google.firebase:firebase-common:19.5.0] AndroidManifest.xml:31:13-36
95
96        <receiver
96-->[com.google.android.gms:play-services-measurement:18.0.2] AndroidManifest.xml:29:9-33:20
97            android:name="com.google.android.gms.measurement.AppMeasurementReceiver"
97-->[com.google.android.gms:play-services-measurement:18.0.2] AndroidManifest.xml:30:13-85
98            android:enabled="true"
98-->[com.google.android.gms:play-services-measurement:18.0.2] AndroidManifest.xml:31:13-35
99            android:exported="false" >
99-->[com.google.android.gms:play-services-measurement:18.0.2] AndroidManifest.xml:32:13-37
100        </receiver>
101
102        <service
102-->[com.google.android.gms:play-services-measurement:18.0.2] AndroidManifest.xml:35:9-38:40
103            android:name="com.google.android.gms.measurement.AppMeasurementService"
103-->[com.google.android.gms:play-services-measurement:18.0.2] AndroidManifest.xml:36:13-84
104            android:enabled="true"
104-->[com.google.android.gms:play-services-measurement:18.0.2] AndroidManifest.xml:37:13-35
105            android:exported="false" />
105-->[com.google.android.gms:play-services-measurement:18.0.2] AndroidManifest.xml:38:13-37
106        <service
106-->[com.google.android.gms:play-services-measurement:18.0.2] AndroidManifest.xml:39:9-43:72
107            android:name="com.google.android.gms.measurement.AppMeasurementJobService"
107-->[com.google.android.gms:play-services-measurement:18.0.2] AndroidManifest.xml:40:13-87
108            android:enabled="true"
108-->[com.google.android.gms:play-services-measurement:18.0.2] AndroidManifest.xml:41:13-35
109            android:exported="false"
109-->[com.google.android.gms:play-services-measurement:18.0.2] AndroidManifest.xml:42:13-37
110            android:permission="android.permission.BIND_JOB_SERVICE" />
110-->[com.google.android.gms:play-services-measurement:18.0.2] AndroidManifest.xml:43:13-69
111
112        <meta-data
112-->[com.google.android.gms:play-services-basement:17.0.0] AndroidManifest.xml:23:9-25:69
113            android:name="com.google.android.gms.version"
113-->[com.google.android.gms:play-services-basement:17.0.0] AndroidManifest.xml:24:13-58
114            android:value="@integer/google_play_services_version" />
114-->[com.google.android.gms:play-services-basement:17.0.0] AndroidManifest.xml:25:13-66
115    </application>
116
117</manifest>